[2012-11-11 14:17:51] START
[2012-11-11 14:17:51] EDIT manager/controllers/default.py: 2
[2012-11-11 14:18:24] EDIT manager/controllers/default.py: 0
[2012-11-11 14:18:37] EDIT manager/controllers/default.py: 1
[2012-11-11 14:20:11] CREATE default/drop.html: 0
[2012-11-11 14:24:03] EDIT manager/views/default/drop.html: 2
[2012-11-11 14:25:38] EDIT manager/controllers/default.py: 3
[2012-11-11 14:26:39] EDIT manager/controllers/default.py: 0
[2012-11-11 14:27:49] EDIT manager/controllers/default.py: 0
[2012-11-11 14:30:12] EDIT manager/views/layout.html: 1
[2012-11-11 14:31:00] EDIT manager/views/layout.html: 0
[2012-11-11 14:31:18] EDIT manager/views/default/drop.html: 0
[2012-11-11 14:34:13] CREATE default/Admin.html: 0
[2012-11-11 14:34:50] EDIT manager/views/default/Admin.html: -1
[2012-11-11 14:37:46] EDIT manager/views/default/index.html: 2
[2012-11-11 14:38:34] EDIT manager/views/default/index.html: 0
[2012-11-11 14:39:02] EDIT manager/views/layout.html: 0
[2012-11-11 14:39:03] EDIT manager/views/layout.html: 0
[2012-11-11 14:39:23] CREATE default/drop1.html: 0
[2012-11-11 14:41:19] EDIT manager/views/default/drop1.html: -1
[2012-11-11 14:41:51] EDIT manager/views/layout.html: 0
[2012-11-11 14:42:32] EDIT manager/views/default/drop1.html: 0
[2012-11-11 14:44:08] EDIT manager/controllers/default.py: 7
[2012-11-11 14:47:19] EDIT manager/controllers/default.py: 1
[2012-11-11 14:48:46] EDIT manager/controllers/default.py: 2
[2012-11-11 14:53:43] EDIT manager/views/default/Admin.html: 0
[2012-11-11 14:54:18] EDIT manager/controllers/default.py: 0
[2012-11-11 15:18:49] EDIT manager/views/default/index.html: 3
[2012-11-11 15:21:16] EDIT manager/views/default/index.html: 0
[2012-11-11 15:21:25] EDIT manager/views/default/index.html: -1
[2012-11-11 15:22:22] EDIT manager/views/default/choose.html: 0
[2012-11-11 15:22:32] EDIT manager/views/default/choose.html: 0
[2012-11-11 15:23:43] EDIT manager/views/layout.html: 2
[2012-11-11 16:20:22] EDIT manager/controllers/default.py: 0
[2012-11-11 16:20:41] EDIT manager/views/default/drop.html: -1
[2012-11-11 16:22:21] EDIT manager/views/default/index.html: 0
[2012-11-11 16:23:03] EDIT manager/views/default/index.html: 0
[2012-11-11 16:29:23] EDIT manager/views/default/index.html: 0
[2012-11-11 16:30:23] EDIT manager/views/default/index.html: 0
[2012-11-11 16:30:32] EDIT manager/views/default/index.html: 0
[2012-11-11 16:30:59] CREATE default/dropm.html: 0
[2012-11-11 16:33:06] EDIT manager/views/default/dropm.html: 1
[2012-11-11 16:36:06] EDIT manager/views/default/dropm.html: 1
[2012-11-11 16:37:39] EDIT manager/controllers/default.py: 4
[2012-11-11 16:38:45] CREATE default/drop1m.html: 0
[2012-11-11 16:40:49] EDIT manager/views/default/drop1m.html: 0
[2012-11-11 16:41:22] EDIT manager/views/default/dropm.html: 0
[2012-11-11 16:41:48] EDIT manager/views/default/drop1m.html: 1
[2012-11-11 16:42:08] EDIT manager/views/layout.html: 0
[2012-11-11 18:54:37] EDIT manager/views/layout.html: 0
[2012-11-11 18:57:58] EDIT manager/views/layout.html: 1
[2012-11-11 19:04:31] EDIT manager/views/layout.html: 0
[2012-11-11 19:05:17] EDIT manager/views/layout.html: 2
[2012-11-11 19:08:50] EDIT manager/views/layout.html: 1
[2012-11-11 19:09:26] EDIT manager/views/layout.html: 0
[2012-11-11 19:10:01] EDIT manager/views/layout.html: 0
[2012-11-11 19:13:28] EDIT manager/views/layout.html: 0
[2012-11-11 19:13:53] EDIT manager/views/layout.html: 0
[2012-11-11 19:14:09] EDIT manager/views/layout.html: 0
[2012-11-11 19:14:46] EDIT manager/views/layout.html: 1
[2012-11-11 19:15:41] EDIT manager/views/layout.html: 0
[2012-11-11 19:16:49] EDIT manager/views/layout.html: 0
[2012-11-11 19:19:18] EDIT manager/views/layout.html: 0
[2012-11-11 19:19:57] EDIT manager/views/layout.html: 0
[2012-11-11 19:22:28] EDIT manager/views/layout.html: 3
[2012-11-11 20:55:07] EDIT manager/views/default/login.html: 0
[2012-11-11 20:55:18] EDIT manager/views/default/login.html: 0
[2012-11-11 20:56:05] EDIT manager/views/default/login.html: 0
[2012-11-11 20:57:15] EDIT manager/views/default/login.html: 0
[2012-11-11 20:57:51] EDIT manager/views/default/login.html: 0
[2012-11-11 20:58:35] EDIT manager/views/default/login.html: 0
[2012-11-11 21:00:41] EDIT manager/views/default/login.html: 0
[2012-11-11 21:01:17] EDIT manager/views/default/login.html: 0
[2012-11-11 21:04:14] EDIT manager/views/layout.html: 1
[2012-11-11 21:05:35] EDIT manager/views/layout.html: 2
[2012-11-11 21:11:17] EDIT manager/views/default/index.html: 2
[2012-11-11 21:12:47] EDIT manager/views/default/index.html: 0
[2012-11-11 21:13:40] EDIT manager/views/layout.html: 1
[2012-11-11 21:14:29] EDIT manager/views/layout.html: 0
[2012-11-11 21:16:02] EDIT manager/views/layout.html: 6
[2012-11-11 21:16:53] EDIT manager/views/layout.html: 0
[2012-11-11 21:18:16] EDIT manager/views/layout.html: 0
[2012-11-11 21:19:38] EDIT manager/views/layout.html: -1
[2012-11-11 21:22:54] EDIT manager/views/layout.html: 0
[2012-11-11 21:23:44] EDIT manager/views/default/index.html: 2
[2012-11-11 21:24:57] EDIT manager/views/default/index.html: -1
[2012-11-11 21:25:44] EDIT manager/views/default/index.html: 0
[2012-11-11 21:25:53] EDIT manager/views/default/index.html: 0
[2012-11-11 21:26:37] EDIT manager/views/default/index.html: 0
[2012-11-11 21:27:13] EDIT manager/views/default/index.html: -4
[2012-11-11 21:30:11] EDIT manager/views/default/index.html: -2
[2012-11-11 21:32:35] EDIT manager/views/default/index.html: -2
[2012-11-11 21:33:56] EDIT manager/views/default/index.html: 0
[2012-11-11 21:36:02] EDIT manager/views/default/index.html: 1
[2012-11-11 21:38:11] EDIT manager/views/default/index.html: 16
[2012-11-11 21:39:27] EDIT manager/views/layout.html: 0
[2012-11-11 21:40:50] EDIT manager/views/layout.html: 0
[2012-11-11 21:41:16] EDIT manager/views/layout.html: 0
[2012-11-11 21:42:03] EDIT manager/views/layout.html: 0
[2012-11-11 21:42:31] EDIT manager/views/layout.html: 0
[2012-11-11 21:44:02] EDIT manager/views/layout.html: 2
[2012-11-11 21:45:33] EDIT manager/views/layout.html: -1
[2012-11-11 21:46:17] EDIT manager/views/layout.html: 1
[2012-11-11 21:48:34] EDIT manager/views/layout.html: 0
[2012-11-11 21:54:15] EDIT manager/views/layout.html: 1
[2012-11-11 21:55:22] EDIT manager/views/layout.html: -1
[2012-11-11 22:21:57] EDIT manager/views/default/show.html: 7
[2012-11-11 22:25:22] EDIT manager/views/default/show.html: -3
[2012-11-11 22:25:55] EDIT manager/views/default/show.html: 0
[2012-11-11 22:27:55] EDIT manager/views/default/show.html: 0
[2012-11-11 22:33:16] EDIT manager/views/default/show.html: 1
[2012-11-11 22:37:30] EDIT manager/views/default/show.html: 5
[2012-11-11 22:39:13] EDIT manager/views/default/show.html: 0
[2012-11-11 22:40:19] EDIT manager/views/default/show.html: 0
[2012-11-11 22:40:53] EDIT manager/views/default/show.html: 1
[2012-11-11 22:47:34] EDIT manager/views/default/delete.html: 11
[2012-11-11 22:47:55] EDIT manager/views/default/update.html: 11
[2012-11-11 22:48:07] EDIT manager/views/default/update.html: 0
[2012-11-11 22:50:37] EDIT manager/views/default/show.html: -1
[2012-11-11 22:51:36] EDIT manager/views/default/delete.html: -1
[2012-11-11 22:51:40] EDIT manager/views/default/delete.html: 0
[2012-11-11 22:52:06] EDIT manager/views/default/update.html: -1
[2012-11-11 22:59:01] EDIT manager/views/default/choose1.html: 7
[2012-11-11 23:00:29] EDIT manager/views/default/choose1.html: -2
[2012-11-11 23:01:15] EDIT manager/views/default/choose1.html: 1
[2012-11-11 23:01:38] EDIT manager/views/default/choose1.html: -2
[2012-11-11 23:04:51] EDIT manager/views/default/choose1.html: -3
[2012-11-11 23:06:10] EDIT manager/views/default/choose1.html: 0
[2012-11-11 23:08:25] EDIT manager/views/default/choose1.html: 0
[2012-11-11 23:10:02] EDIT manager/views/default/choose1.html: 2
[2012-11-11 23:11:39] EDIT manager/views/default/choose1.html: 0
[2012-11-11 23:12:07] EDIT manager/views/default/choose1.html: 0
[2012-11-11 23:12:34] EDIT manager/views/default/choose1.html: 0
[2012-11-11 23:13:37] EDIT manager/views/default/choose1.html: 0
[2012-11-11 23:13:59] EDIT manager/views/default/choose1.html: 0
[2012-11-11 23:16:17] EDIT manager/views/default/choose1.html: 0
[2012-11-11 23:16:31] EDIT manager/views/default/choose1.html: 0
[2012-11-11 23:17:05] EDIT manager/views/default/delete1.html: 3
[2012-11-11 23:17:31] EDIT manager/views/default/update1.html: 3
[2012-11-11 23:20:18] EDIT manager/views/default/index.html: 1
[2012-11-11 23:20:39] EDIT manager/views/default/index.html: -2
[2012-11-11 23:25:24] EDIT manager/views/default/index.html: 0
[2012-11-12 00:08:20] EDIT manager/views/default/index.html: 0
[2012-11-12 00:08:32] EDIT manager/views/default/index.html: 0
[2012-11-12 00:11:21] EDIT manager/views/default/total.html: 0
[2012-11-12 00:12:26] EDIT manager/views/default/total.html: 0
[2012-11-12 00:13:49] EDIT manager/views/default/drop1m.html: 3
[2012-11-12 00:17:14] EDIT manager/views/default/dropm.html: 0
[2012-11-12 00:23:58] EDIT manager/views/default/total.html: 4
[2012-11-12 00:24:05] EDIT manager/views/default/total.html: 1
[2012-11-12 00:30:20] EDIT manager/controllers/default.py: 1
[2012-11-12 00:31:07] EDIT manager/views/default/total.html: 0
[2012-11-12 00:31:30] EDIT manager/views/default/total.html: 1
[2012-11-12 00:33:01] EDIT manager/views/default/total.html: -5
[2012-11-12 00:33:59] EDIT manager/controllers/default.py: 0
[2012-11-12 00:34:04] EDIT manager/controllers/default.py: 0
[2012-11-12 00:36:22] EDIT manager/views/default/total.html: 3
[2012-11-12 00:38:33] EDIT manager/views/default/total.html: -4
[2012-11-12 00:41:59] EDIT manager/views/layout.html: 5
[2012-11-12 00:45:24] EDIT manager/controllers/default.py: 1
[2012-11-12 00:51:41] EDIT manager/views/layout.html: 0
[2012-11-12 01:34:36] EDIT manager/views/layout.html: 0
[2012-11-12 01:35:28] EDIT manager/views/layout.html: 0
[2012-11-12 01:36:20] CREATE default/error.html: 0
[2012-11-12 01:36:54] EDIT manager/views/default/error.html: -1
[2012-11-12 01:37:34] EDIT manager/controllers/default.py: 2
[2012-11-12 01:40:12] EDIT manager/views/layout.html: 0
[2012-11-12 01:41:29] EDIT manager/views/default/login.html: 0
[2012-11-12 01:43:00] EDIT manager/views/layout.html: 4
[2012-11-12 01:44:17] EDIT manager/views/default/error.html: 1
[2012-11-12 01:44:30] EDIT manager/views/default/Admin.html: 1
[2012-11-12 01:51:44] CREATE default/dropstu.html: 0
[2012-11-12 01:51:50] EDIT manager/views/default/dropstu.html: -2
[2012-11-12 01:52:11] CREATE default/errorstu.html: 0
[2012-11-12 01:57:05] EDIT manager/views/default/errorstu.html: 1
[2012-11-12 01:58:23] EDIT manager/views/default/errorstu.html: 2
[2012-11-12 01:58:35] EDIT manager/views/default/errorstu.html: 0
[2012-11-12 01:59:05] CREATE default/errorbook.html: 0
[2012-11-12 01:59:51] EDIT manager/views/default/errorbook.html: 3
[2012-11-12 02:00:31] EDIT manager/views/default/upload.html: -2
[2012-11-12 02:00:47] EDIT manager/views/default/dropstu.html: 12
[2012-11-12 02:01:24] EDIT manager/views/default/upload1.html: -2
[2012-11-12 02:01:50] CREATE default/dropbook.html: 0
[2012-11-12 02:01:57] EDIT manager/views/default/dropbook.html: 9
[2012-11-12 02:04:52] EDIT manager/controllers/default.py: 10
[2012-11-12 02:07:35] EDIT manager/views/default/upload.html: 0
[2012-11-12 02:10:32] EDIT manager/views/default/upload.html: 8
[2012-11-12 02:12:45] EDIT manager/views/default/upload.html: 6
[2012-11-12 02:13:22] EDIT manager/views/default/upload.html: 6
[2012-11-12 02:14:41] EDIT manager/views/default/upload.html: 0
[2012-11-12 02:15:49] EDIT manager/views/default/upload.html: 0
[2012-11-12 02:16:41] EDIT manager/views/default/upload.html: 0
[2012-11-12 02:19:03] EDIT manager/views/default/upload.html: 0
[2012-11-12 02:19:10] EDIT manager/views/default/upload.html: 0
[2012-11-12 02:19:45] EDIT manager/views/default/errorstu.html: 20
[2012-11-12 02:20:38] EDIT manager/views/default/errorstu.html: 0
[2012-11-12 02:25:05] EDIT manager/views/default/Admin.html: 8
[2012-11-12 02:25:42] EDIT manager/views/default/upload.html: 0
[2012-11-12 02:26:21] EDIT manager/views/default/Admin.html: 1
[2012-11-12 02:27:24] EDIT manager/views/default/Admin.html: 1
[2012-11-12 02:29:07] EDIT manager/views/default/drop.html: -3
[2012-11-12 02:29:38] EDIT manager/views/default/drop.html: 12
[2012-11-12 02:32:10] EDIT manager/controllers/default.py: 3
[2012-11-12 02:33:20] EDIT manager/views/default/upload1.html: 12
[2012-11-12 02:33:49] EDIT manager/views/default/upload1.html: 8
[2012-11-12 02:34:27] EDIT manager/views/default/upload1.html: 0
[2012-11-12 02:34:54] EDIT manager/views/default/upload1.html: 0
[2012-11-12 02:36:06] EDIT manager/views/default/errorbook.html: 18
[2012-11-12 02:40:31] EDIT manager/controllers/default.py: 1
[2012-11-12 02:40:41] EDIT manager/controllers/default.py: 0
[2012-11-12 02:41:08] EDIT manager/views/default/dropm.html: 1
[2012-11-12 02:43:04] EDIT manager/views/default/upload1.html: 0
[2012-11-12 02:47:05] EDIT manager/controllers/default.py: 0
[2012-11-12 02:47:48] EDIT manager/views/default/upload1.html: 0
[2012-11-12 02:48:00] EDIT manager/views/default/errorbook.html: 0
[2012-11-12 02:49:32] EDIT manager/controllers/default.py: 0
[2012-11-12 02:52:30] EDIT manager/views/default/upload1.html: 0
[2012-11-12 02:53:19] EDIT manager/controllers/default.py: 0
[2012-11-12 02:54:28] EDIT manager/controllers/default.py: 0
[2012-11-12 02:55:42] EDIT manager/views/default/upload1.html: 0
[2012-11-12 02:55:59] EDIT manager/views/default/errorbook.html: 0
[2012-11-12 02:56:21] EDIT manager/views/default/dropbook.html: 0
[2012-11-12 02:57:16] EDIT manager/controllers/default.py: 0
[2012-11-12 03:00:35] EDIT manager/controllers/default.py: 60
[2012-11-12 03:01:19] EDIT manager/controllers/default.py: 0
[2012-11-12 03:02:04] EDIT manager/controllers/default.py: 0
[2012-11-12 03:02:49] EDIT manager/controllers/default.py: 0
[2012-11-12 03:03:46] EDIT manager/controllers/default.py: 6
[2012-11-12 03:04:37] EDIT manager/controllers/default.py: 5
[2012-11-12 03:04:57] EDIT manager/controllers/default.py: 0
[2012-11-12 03:05:19] EDIT manager/controllers/default.py: 5
[2012-11-12 03:07:54] EDIT manager/views/default/drop1.html: 9
[2012-11-12 03:09:23] EDIT manager/views/default/drop1.html: 0
[2012-11-12 03:15:35] EDIT manager/views/default/drop1m.html: 0
[2012-11-12 11:06:14] EDIT manager/views/default/index.html: -2
[2012-11-12 11:32:53] EDIT manager/views/default/upload.html: 2
[2012-11-12 11:33:22] EDIT manager/views/default/upload1.html: 1
[2012-11-12 11:38:37] EDIT manager/models/db.py: 0
[2012-11-12 11:44:03] EDIT manager/views/layout.html: 0
[2012-11-12 11:47:55] EDIT manager/views/layout.html: 0
[2012-11-12 11:53:19] EDIT manager/models/db.py: 1
[2012-11-12 11:54:11] EDIT manager/models/db.py: 2
[2012-11-12 12:02:00] EDIT manager/views/default/upload1.html: 1
[2012-11-12 12:02:57] EDIT manager/controllers/default.py: 0
[2012-11-12 12:05:55] EDIT manager/views/default/show.html: 0
[2012-11-12 12:06:48] EDIT manager/controllers/default.py: 0
[2012-11-12 12:08:28] EDIT manager/controllers/default.py: 0
[2012-11-12 12:09:37] EDIT manager/views/default/choose1.html: 0
[2012-11-12 12:10:22] EDIT manager/controllers/default.py: 0
[2012-11-12 12:10:49] EDIT manager/views/default/choose1.html: 0
[2012-11-12 12:16:10] EDIT manager/views/default/show.html: 4
[2012-11-12 12:21:01] EDIT manager/views/default/show.html: 0
[2012-11-12 12:24:07] EDIT manager/views/default/show.html: 0
[2012-11-12 12:26:10] EDIT manager/views/default/show.html: 2
[2012-11-12 12:26:22] EDIT manager/views/default/show.html: 0
[2012-11-12 12:37:45] EDIT manager/views/default/show.html: 2
[2012-11-12 12:38:46] EDIT manager/views/default/show.html: 0
[2012-11-12 12:39:45] EDIT manager/views/default/show.html: 73
[2012-11-12 12:41:02] EDIT manager/views/default/show.html: 0
[2012-11-12 12:50:53] EDIT manager/views/default/show.html: 0
[2012-11-12 12:51:33] EDIT manager/views/default/show.html: 0
[2012-11-12 12:51:59] EDIT manager/views/default/show.html: -2
[2012-11-12 12:52:30] EDIT manager/views/default/show.html: 0
[2012-11-12 12:53:19] EDIT manager/views/default/show.html: 1
[2012-11-12 12:53:36] EDIT manager/views/default/show.html: 0
[2012-11-12 12:54:03] EDIT manager/views/default/show.html: 0
[2012-11-12 12:54:31] EDIT manager/views/default/show.html: 0
[2012-11-12 12:55:08] EDIT manager/views/default/show.html: 0
[2012-11-12 12:56:16] EDIT manager/views/default/show.html: 1
[2012-11-12 12:58:29] EDIT manager/views/default/show.html: 0
[2012-11-12 12:59:15] EDIT manager/views/default/show.html: 0
[2012-11-12 12:59:55] EDIT manager/views/default/show.html: 0
[2012-11-12 13:01:45] EDIT manager/views/default/show.html: 0
[2012-11-12 13:04:16] EDIT manager/views/default/show.html: -3
[2012-11-12 13:05:38] EDIT manager/views/default/show.html: -7
[2012-11-12 13:13:04] EDIT manager/views/default/show.html: 2
[2012-11-12 13:14:13] EDIT manager/views/default/show.html: 0
[2012-11-12 14:26:42] EDIT manager/views/default/show.html: 6
[2012-11-12 14:37:43] EDIT manager/views/default/update.html: 79
[2012-11-12 14:37:59] EDIT manager/views/default/delete.html: 79
[2012-11-12 14:39:48] EDIT manager/views/default/label.html: 1
[2012-11-12 14:40:36] EDIT manager/views/default/label.html: 1
[2012-11-12 14:41:50] EDIT manager/views/default/alloted.html: 1
[2012-11-12 14:42:23] EDIT manager/views/default/alloted.html: 2
[2012-11-12 14:47:53] EDIT manager/views/default/choose1.html: 53
[2012-11-12 14:52:35] EDIT manager/views/default/delete1.html: 53
[2012-11-12 14:53:04] EDIT manager/views/default/update1.html: 53
[2012-11-12 14:55:00] EDIT manager/views/default/index.html: -5
[2012-11-12 14:55:44] EDIT manager/views/default/index.html: 0
[2012-11-12 14:58:02] EDIT manager/views/default/delete1.html: 0
[2012-11-12 14:58:33] EDIT manager/views/default/update1.html: 0
[2012-11-12 15:08:32] EDIT manager/views/default/choose1.html: 0
[2012-11-12 15:10:20] EDIT manager/views/default/choose1.html: 0
[2012-11-12 15:11:16] EDIT manager/views/default/choose1.html: 0
[2012-11-12 15:13:56] EDIT manager/views/default/choose1.html: 0
[2012-11-12 15:15:09] EDIT manager/views/default/choose1.html: 0
[2012-11-12 15:16:50] EDIT manager/views/default/choose1.html: 2
[2012-11-12 15:17:20] EDIT manager/views/default/choose1.html: 0
[2012-11-12 15:18:15] EDIT manager/views/default/choose1.html: 1
[2012-11-12 15:18:34] EDIT manager/views/default/choose1.html: -1
[2012-11-12 15:21:19] EDIT manager/views/default/choose1.html: -1
[2012-11-12 15:23:16] EDIT manager/views/default/choose1.html: 0
[2012-11-12 15:24:17] EDIT manager/views/default/choose1.html: -1
[2012-11-12 15:24:50] EDIT manager/views/default/choose1.html: 1
[2012-11-12 15:25:38] EDIT manager/views/default/choose1.html: 0
[2012-11-12 15:34:12] EDIT manager/views/default/choose1.html: -8
[2012-11-12 15:36:11] EDIT manager/views/default/choose1.html: -1
[2012-11-12 15:37:30] EDIT manager/views/default/choose1.html: 2
[2012-11-12 15:38:37] EDIT manager/views/default/choose1.html: 2
[2012-11-12 15:39:26] EDIT manager/views/default/choose1.html: 2
[2012-11-12 15:40:50] EDIT manager/views/default/choose1.html: 1
[2012-11-12 15:42:20] EDIT manager/views/default/choose1.html: -2
[2012-11-12 15:42:57] EDIT manager/views/default/choose1.html: 1
[2012-11-12 15:45:08] EDIT manager/views/default/choose1.html: 0
[2012-11-12 15:45:32] EDIT manager/controllers/default.py: 0
[2012-11-12 15:46:46] EDIT manager/views/default/choose1.html: 2
[2012-11-12 16:13:25] EDIT manager/views/default/drop1m.html: 0
[2012-11-12 16:14:00] EDIT manager/views/default/drop1.html: 27
[2012-11-12 16:15:47] EDIT manager/views/default/choose1.html: 1
[2012-11-12 16:16:08] EDIT manager/views/default/choose1.html: 1
[2012-11-12 16:16:46] EDIT manager/views/default/choose1.html: 2
